<?xml version="1.0" encoding="UTF-8"?>
<!-- Generated by org.testng.reporters.JUnitReportReporter -->
<testsuite skipped="1" hostname="DESKTOP-2TF4QVQ" name="com.w2a.testcases.AddCustomerTest" tests="4" failures="0" timestamp="13 Jul 2020 10:14:58 GMT" time="14.655" errors="0">
  <testcase name="addCustomerTest" time="4.757" classname="com.w2a.testcases.AddCustomerTest"/>
  <testcase name="addCustomerTest" time="5.321" classname="com.w2a.testcases.AddCustomerTest"/>
  <testcase name="addCustomerTest" time="0.005" classname="com.w2a.testcases.AddCustomerTest">
    <skipped/>
  </testcase> <!-- addCustomerTest -->
  <testcase name="addCustomerTest" time="4.572" classname="com.w2a.testcases.AddCustomerTest"/>
</testsuite> <!-- com.w2a.testcases.AddCustomerTest -->
