<?xml version="1.0" encoding="UTF-8"?>
<!-- Generated by org.testng.reporters.JUnitReportReporter -->
<testsuite skipped="0" hostname="DESKTOP-2TF4QVQ" name="com.w2a.testcases.BankManagerLoginTest" tests="1" failures="0" timestamp="13 Jul 2020 10:14:58 GMT" time="3.983" errors="0">
  <testcase name="bankManagerLoginTest" time="3.983" classname="com.w2a.testcases.BankManagerLoginTest"/>
</testsuite> <!-- com.w2a.testcases.BankManagerLoginTest -->
